<?xml version="1.0" encoding="UTF-8"?>
<!-- Generated by org.testng.reporters.JUnitXMLReporter -->
<testsuite ignored="0" hostname="DESKTOP-DKTE3AH" failures="0" tests="5" name="verifySearchProduct" time="173.133" errors="0" timestamp="2024-11-03T14:20:35 IST">
  <testcase classname="com.mystore.testcases.TC_MyAccountPageTest" name="verifySignOut" time="18.81"/>
  <testcase classname="com.mystore.testcases.TC_MyAccountPageTest" name="verifyRegistrationAndLogin" time="19.523"/>
  <testcase classname="com.mystore.testcases.TC_MyAccountPageTest" name="verifyLogin" time="9.139"/>
  <testcase classname="com.mystore.testcases.TC_ProductPageTest" name="verifySearchProduct" time="11.002"/>
  <testcase classname="com.mystore.testcases.TC_ProductPageTest" name="verifyBuyProduct" time="35.222"/>
</testsuite> <!-- verifySearchProduct -->
