<?xml version="1.0" encoding="UTF-8"?>
<testsuite xmlns:xsi="http://www.w3.org/2001/XMLSchema-instance" xsi:noNamespaceSchemaLocation="https://maven.apache.org/surefire/maven-surefire-plugin/xsd/surefire-test-report.xsd" version="3.0.2" name="TestSuite" time="177.053" tests="5" errors="0" skipped="0" failures="0">
  <properties>
[...]
</properties>
  <testcase name="verifySignOut" classname="com.mystore.testcases.TC_MyAccountPageTest" time="19.184">
    <system-out><![CDATA[on start method invoked....
[INFO ] 2024-11-03 14:18:28.778 [main] MyStoreV1 - url opened
Name of the test method started: verifySignOut
[INFO ] 2024-11-03 14:18:29.030 [main] MyStoreV1 - ************** Verify Sign out test execution started *************
[INFO ] 2024-11-03 14:18:37.668 [main] MyStoreV1 - clicked on sign in link
[INFO ] 2024-11-03 14:18:40.678 [main] MyStoreV1 - entered email address
[INFO ] 2024-11-03 14:18:41.843 [main] MyStoreV1 - entered password
[INFO ] 2024-11-03 14:18:45.244 [main] MyStoreV1 - clicked on sign in link
[INFO ] 2024-11-03 14:18:47.817 [main] MyStoreV1 - VerifySignOut - Passed
Name of the test method executed successfully: verifySignOut
]]></system-out>
    <system-err><![CDATA[[main] INFO io.github.bonigarcia.wdm.WebDriverManager - Using chromedriver 130.0.6723.91 (resolved driver for Chrome 130)
[main] INFO io.github.bonigarcia.wdm.WebDriverManager - Exporting webdriver.chrome.driver as C:\Users\acer\.cache\selenium\chromedriver\win64\130.0.6723.91\chromedriver.exe
Nov 03, 2024 2:18:11 PM org.openqa.selenium.devtools.CdpVersionFinder findNearestMatch
WARNING: Unable to find an exact match for CDP version 130, returning the closest version; found: 129; Please update to a Selenium version that supports CDP version 130
]]></system-err>
  </testcase>
  <testcase name="verifyRegistrationAndLogin" classname="com.mystore.testcases.TC_MyAccountPageTest" time="19.495">
    <system-out><![CDATA[Name of the test method started: verifyRegistrationAndLogin
[INFO ] 2024-11-03 14:18:49.921 [main] MyStoreV1 - clicked on sign in link
[INFO ] 2024-11-03 14:18:50.599 [main] MyStoreV1 - Email address entered
[INFO ] 2024-11-03 14:18:50.908 [main] MyStoreV1 - clicked on submit button
[INFO ] 2024-11-03 14:18:58.615 [main] MyStoreV1 - entered user details on account creation page
[INFO ] 2024-11-03 14:19:07.263 [main] MyStoreV1 - clicked on registered button
Name of the test method executed successfully: verifyRegistrationAndLogin
]]></system-out>
  </testcase>
  <testcase name="verifyLogin[tayde869@gmail.com, tayde839, Dinesh Tayde](1)" classname="com.mystore.testcases.TC_MyAccountPageTest" time="9.139">
    <system-out><![CDATA[C:\Users\acer\AutomationFramework\MyStoreV1
[DEBUG] 2024-11-03 14:19:12.616 [main] PackageRelationshipCollection - Parsing relationship: /xl/_rels/workbook.xml.rels
[DEBUG] 2024-11-03 14:19:12.627 [main] PackageRelationshipCollection - Parsing relationship: /_rels/.rels
[DEBUG] 2024-11-03 14:19:16.372 [main] PackageRelationshipCollection - Parsing relationship: /xl/_rels/workbook.xml.rels
[DEBUG] 2024-11-03 14:19:16.378 [main] PackageRelationshipCollection - Parsing relationship: /_rels/.rels
[DEBUG] 2024-11-03 14:19:16.797 [main] PackageRelationshipCollection - Parsing relationship: /xl/_rels/workbook.xml.rels
[DEBUG] 2024-11-03 14:19:16.807 [main] PackageRelationshipCollection - Parsing relationship: /_rels/.rels
[DEBUG] 2024-11-03 14:19:17.035 [main] PackageRelationshipCollection - Parsing relationship: /xl/_rels/workbook.xml.rels
[DEBUG] 2024-11-03 14:19:17.039 [main] PackageRelationshipCollection - Parsing relationship: /_rels/.rels
[DEBUG] 2024-11-03 14:19:17.257 [main] PackageRelationshipCollection - Parsing relationship: /xl/_rels/workbook.xml.rels
[DEBUG] 2024-11-03 14:19:17.296 [main] PackageRelationshipCollection - Parsing relationship: /_rels/.rels
Name of the test method started: verifyLogin
[INFO ] 2024-11-03 14:19:17.458 [main] MyStoreV1 - verifyLogin test execution started....
[INFO ] 2024-11-03 14:19:20.965 [main] MyStoreV1 - clicked on sign in link
[INFO ] 2024-11-03 14:19:23.000 [main] MyStoreV1 - entered email address
[INFO ] 2024-11-03 14:19:23.604 [main] MyStoreV1 - entered password
[INFO ] 2024-11-03 14:19:25.391 [main] MyStoreV1 - clicked on sign in link
[INFO ] 2024-11-03 14:19:25.477 [main] MyStoreV1 - VerifyLogin - Passed
Name of the test method executed successfully: verifyLogin
]]></system-out>
  </testcase>
  <testcase name="verifySearchProduct" classname="com.mystore.testcases.TC_ProductPageTest" time="11.005">
    <system-out><![CDATA[[INFO ] 2024-11-03 14:19:47.666 [main] MyStoreV1 - url opened
Name of the test method started: verifySearchProduct
[INFO ] 2024-11-03 14:19:47.672 [main] MyStoreV1 - 
**************** TestCase Search Product Started ******************
[INFO ] 2024-11-03 14:19:49.802 [main] MyStoreV1 - sign in button clicked
[INFO ] 2024-11-03 14:19:51.083 [main] MyStoreV1 - email and password is entered
[INFO ] 2024-11-03 14:19:53.073 [main] MyStoreV1 - Sign in button clicked
[INFO ] 2024-11-03 14:19:53.567 [main] MyStoreV1 - Search keyword entered in searchbox
[INFO ] 2024-11-03 14:19:56.358 [main] MyStoreV1 - Search  button clicked
[INFO ] 2024-11-03 14:19:56.576 [main] MyStoreV1 - Search Product test case - Passed
[INFO ] 2024-11-03 14:19:58.667 [main] MyStoreV1 - Sign out button clicked
[INFO ] 2024-11-03 14:19:58.671 [main] MyStoreV1 - ************* TTestCase Search Product Ends ***************
Name of the test method executed successfully: verifySearchProduct
]]></system-out>
    <system-err><![CDATA[Nov 03, 2024 2:19:29 PM org.openqa.selenium.remote.http.WebSocket$Listener onError
WARNING: Connection reset
java.net.SocketException: Connection reset
	at java.base/sun.nio.ch.SocketChannelImpl.throwConnectionReset(SocketChannelImpl.java:401)
	at java.base/sun.nio.ch.SocketChannelImpl.read(SocketChannelImpl.java:434)
	at java.net.http/jdk.internal.net.http.SocketTube.readAvailable(SocketTube.java:1178)
	at java.net.http/jdk.internal.net.http.SocketTube$InternalReadPublisher$InternalReadSubscription.read(SocketTube.java:841)
	at java.net.http/jdk.internal.net.http.SocketTube$SocketFlowTask.run(SocketTube.java:181)
	at java.net.http/jdk.internal.net.http.common.SequentialScheduler$SchedulableTask.run(SequentialScheduler.java:207)
	at java.net.http/jdk.internal.net.http.common.SequentialScheduler.runOrSchedule(SequentialScheduler.java:280)
	at java.net.http/jdk.internal.net.http.common.SequentialScheduler.runOrSchedule(SequentialScheduler.java:233)
	at java.net.http/jdk.internal.net.http.SocketTube$InternalReadPublisher$InternalReadSubscription.signalReadable(SocketTube.java:782)
	at java.net.http/jdk.internal.net.http.SocketTube$InternalReadPublisher$ReadEvent.signalEvent(SocketTube.java:965)
	at java.net.http/jdk.internal.net.http.SocketTube$SocketFlowEvent.handle(SocketTube.java:253)
	at java.net.http/jdk.internal.net.http.HttpClientImpl$SelectorManager.handleEvent(HttpClientImpl.java:1467)
	at java.net.http/jdk.internal.net.http.HttpClientImpl$SelectorManager.lambda$run$3(HttpClientImpl.java:1412)
	at java.base/java.util.ArrayList.forEach(ArrayList.java:1596)
	at java.net.http/jdk.internal.net.http.HttpClientImpl$SelectorManager.run(HttpClientImpl.java:1412)

[main] INFO io.github.bonigarcia.wdm.WebDriverManager - Using chromedriver 130.0.6723.91 (resolved driver for Chrome 130)
[main] INFO io.github.bonigarcia.wdm.WebDriverManager - Exporting webdriver.chrome.driver as C:\Users\acer\.cache\selenium\chromedriver\win64\130.0.6723.91\chromedriver.exe
Nov 03, 2024 2:19:37 PM org.openqa.selenium.devtools.CdpVersionFinder findNearestMatch
WARNING: Unable to find an exact match for CDP version 130, returning the closest version; found: 129; Please update to a Selenium version that supports CDP version 130
]]></system-err>
  </testcase>
  <testcase name="verifyBuyProduct" classname="com.mystore.testcases.TC_ProductPageTest" time="35.213">
    <system-out><![CDATA[Name of the test method started: verifyBuyProduct
[INFO ] 2024-11-03 14:19:58.688 [main] MyStoreV1 - ************* TestCase Buy Product Starts ***************
[INFO ] 2024-11-03 14:20:00.590 [main] MyStoreV1 - sign in button clicked
[INFO ] 2024-11-03 14:20:01.653 [main] MyStoreV1 - email and password is entered
[INFO ] 2024-11-03 14:20:03.378 [main] MyStoreV1 - Sign in button clicked
[INFO ] 2024-11-03 14:20:06.739 [main] MyStoreV1 - Dresses link is clicked
[INFO ] 2024-11-03 14:20:10.372 [main] MyStoreV1 - clicked on dress
[INFO ] 2024-11-03 14:20:11.112 [main] MyStoreV1 - Dress size selected
[INFO ] 2024-11-03 14:20:11.956 [main] MyStoreV1 - Dress quantity selected
[INFO ] 2024-11-03 14:20:12.221 [main] MyStoreV1 - add to cart button clicked
[INFO ] 2024-11-03 14:20:15.278 [main] MyStoreV1 - checkout button clicked
[INFO ] 2024-11-03 14:20:18.400 [main] MyStoreV1 - checkout button clicked
[INFO ] 2024-11-03 14:20:20.523 [main] MyStoreV1 - agree button clicked
[INFO ] 2024-11-03 14:20:23.216 [main] MyStoreV1 - payment button clicked
[INFO ] 2024-11-03 14:20:31.350 [main] MyStoreV1 - VerifyBuyProduct - Passed
[INFO ] 2024-11-03 14:20:33.906 [main] MyStoreV1 - ************* TestCase Buy Product Ends ***************
Name of the test method executed successfully: verifyBuyProduct
]]></system-out>
  </testcase>
</testsuite>