<?xml version="1.0" encoding="UTF-8"?>
<!-- Generated by org.testng.reporters.JUnitXMLReporter -->
<testsuite ignored="0" hostname="DESKTOP-DKTE3AH" failures="0" tests="5" name="verifySearchProduct" time="187.287" errors="0" timestamp="2024-11-03T00:13:12 IST">
  <testcase classname="com.mystore.testcases.TC_MyAccountPageTest" name="verifySignOut" time="15.616"/>
  <testcase classname="com.mystore.testcases.TC_MyAccountPageTest" name="verifyRegistrationAndLogin" time="16.599"/>
  <testcase classname="com.mystore.testcases.TC_MyAccountPageTest" name="verifyLogin" time="6.098"/>
  <testcase classname="com.mystore.testcases.TC_ProductPageTest" name="verifySearchProduct" time="25.375"/>
  <testcase classname="com.mystore.testcases.TC_ProductPageTest" name="verifyBuyProduct" time="39.035"/>
</testsuite> <!-- verifySearchProduct -->
