<?xml version="1.0" encoding="UTF-8"?>
<!-- Generated by org.testng.reporters.JUnitXMLReporter -->
<testsuite ignored="0" hostname="DESKTOP-DKTE3AH" failures="0" tests="3" name="verifyRegistrationAndLogin" time="98.982" errors="0" timestamp="2024-11-02T23:45:07 IST">
  <testcase classname="com.mystore.testcases.TC_MyAccountPageTest" name="verifySignOut" time="11.46"/>
  <testcase classname="com.mystore.testcases.TC_MyAccountPageTest" name="verifyRegistrationAndLogin" time="17.604"/>
  <testcase classname="com.mystore.testcases.TC_MyAccountPageTest" name="verifyLogin" time="5.336"/>
</testsuite> <!-- verifyRegistrationAndLogin -->
