<?xml version="1.0" encoding="UTF-8"?>
<!-- Generated by org.testng.reporters.JUnitXMLReporter -->
<testsuite ignored="1" hostname="DESKTOP-DKTE3AH" failures="0" tests="1" name="Default test" time="99.713" errors="0" timestamp="2024-11-03T19:35:09 IST">
  <testcase classname="com.mystore.testcases.TC_ProductPageTest" name="verifyBuyProduct" time="51.105"/>
  <testcase classname="com.mystore.testcases.TC_ProductPageTest" name="verifySearchProduct" time="0.0">
    <ignored/>
  </testcase> <!-- verifySearchProduct -->
</testsuite> <!-- Default test -->
